Determining if the pthread_create exist failed with the following output:
Change Dir: /home/pi/fedora-slambot/build/CMakeFiles/CMakeTmp

Run Build Command:/usr/bin/make "cmTryCompileExec2672851995/fast"
/usr/bin/make -f CMakeFiles/cmTryCompileExec2672851995.dir/build.make CMakeFiles/cmTryCompileExec2672851995.dir/build
make[1]: Entering directory '/home/pi/fedora-slambot/build/CMakeFiles/CMakeTmp'
/usr/bin/cmake -E cmake_progress_report /home/pi/fedora-slambot/build/CMakeFiles/CMakeTmp/CMakeFiles 1
Building C object CMakeFiles/cmTryCompileExec2672851995.dir/CheckSymbolExists.c.o
/usr/bin/gcc    -o CMakeFiles/cmTryCompileExec2672851995.dir/CheckSymbolExists.c.o   -c /home/pi/fedora-slambot/build/CMakeFiles/CMakeTmp/CheckSymbolExists.c
Linking C executable cmTryCompileExec2672851995
/usr/bin/cmake -E cmake_link_script CMakeFiles/cmTryCompileExec2672851995.dir/link.txt --verbose=1
/usr/bin/gcc         CMakeFiles/cmTryCompileExec2672851995.dir/CheckSymbolExists.c.o  -o cmTryCompileExec2672851995 -rdynamic 
CMakeFiles/cmTryCompileExec2672851995.dir/CheckSymbolExists.c.o: In function `main':
CheckSymbolExists.c:(.text+0x38): undefined reference to `pthread_create'
collect2: ld returned 1 exit status
CMakeFiles/cmTryCompileExec2672851995.dir/build.make:88: recipe for target 'cmTryCompileExec2672851995' failed
make[1]: Leaving directory '/home/pi/fedora-slambot/build/CMakeFiles/CMakeTmp'
make[1]: *** [cmTryCompileExec2672851995] Error 1
Makefile:114: recipe for target 'cmTryCompileExec2672851995/fast' failed
make: *** [cmTryCompileExec2672851995/fast] Error 2

File /home/pi/fedora-slambot/build/CMakeFiles/CMakeTmp/CheckSymbolExists.c:
/* */
#include <pthread.h>

int main(int argc, char** argv)
{
  (void)argv;
#ifndef pthread_create
  return ((int*)(&pthread_create))[argc];
#else
  (void)argc;
  return 0;
#endif
}

Determining if the function pthread_create exists in the pthreads failed with the following output:
Change Dir: /home/pi/fedora-slambot/build/CMakeFiles/CMakeTmp

Run Build Command:/usr/bin/make "cmTryCompileExec408463741/fast"
/usr/bin/make -f CMakeFiles/cmTryCompileExec408463741.dir/build.make CMakeFiles/cmTryCompileExec408463741.dir/build
make[1]: Entering directory '/home/pi/fedora-slambot/build/CMakeFiles/CMakeTmp'
/usr/bin/cmake -E cmake_progress_report /home/pi/fedora-slambot/build/CMakeFiles/CMakeTmp/CMakeFiles 1
Building C object CMakeFiles/cmTryCompileExec408463741.dir/CheckFunctionExists.c.o
/usr/bin/gcc   -DCHECK_FUNCTION_EXISTS=pthread_create   -o CMakeFiles/cmTryCompileExec408463741.dir/CheckFunctionExists.c.o   -c /usr/share/cmake-2.8/Modules/CheckFunctionExists.c
Linking C executable cmTryCompileExec408463741
/usr/bin/cmake -E cmake_link_script CMakeFiles/cmTryCompileExec408463741.dir/link.txt --verbose=1
/usr/bin/gcc     -DCHECK_FUNCTION_EXISTS=pthread_create    CMakeFiles/cmTryCompileExec408463741.dir/CheckFunctionExists.c.o  -o cmTryCompileExec408463741 -rdynamic -lpthreads 
/usr/bin/ld: cannot find -lpthreads
collect2: ld returned 1 exit status
CMakeFiles/cmTryCompileExec408463741.dir/build.make:88: recipe for target 'cmTryCompileExec408463741' failed
make[1]: Leaving directory '/home/pi/fedora-slambot/build/CMakeFiles/CMakeTmp'
make[1]: *** [cmTryCompileExec408463741] Error 1
Makefile:114: recipe for target 'cmTryCompileExec408463741/fast' failed
make: *** [cmTryCompileExec408463741/fast] Error 2


